<?xml version="1.0" encoding="UTF-8"?>
<testsuite name="controllers.NoteAPITest$ListNotes" tests="1" skipped="0" failures="0" errors="0" timestamp="2023-03-18T21:22:34" hostname="WISDOMS-PC" time="0.108">
  <properties/>
  <testcase name="listNotesBySelectedPriority returns all notes that match that priority when notes of that priority exist()" classname="controllers.NoteAPITest$ListNotes" time="0.108"/>
  <system-out><![CDATA[]]></system-out>
  <system-err><![CDATA[]]></system-err>
</testsuite>
